{"/home/ubuntu/giveaway_system/dist/database.js": {"path":"/home/ubuntu/giveaway_system/dist/database.js","statementMap":{"0":{"start":{"line":2,"column":22},"end":{"line":4,"column":1}},"1":{"start":{"line":3,"column":4},"end":{"line":3,"column":62}},"2":{"start":{"line":5,"column":0},"end":{"line":5,"column":62}},"3":{"start":{"line":6,"column":0},"end":{"line":6,"column":27}},"4":{"start":{"line":7,"column":0},"end":{"line":7,"column":26}},"5":{"start":{"line":8,"column":0},"end":{"line":8,"column":30}},"6":{"start":{"line":9,"column":20},"end":{"line":9,"column":40}},"7":{"start":{"line":10,"column":17},"end":{"line":10,"column":51}},"8":{"start":{"line":11,"column":0},"end":{"line":11,"column":26}},"9":{"start":{"line":12,"column":0},"end":{"line":16,"column":3}},"10":{"start":{"line":18,"column":4},"end":{"line":24,"column":5}},"11":{"start":{"line":19,"column":8},"end":{"line":19,"column":40}},"12":{"start":{"line":20,"column":8},"end":{"line":20,"column":53}},"13":{"start":{"line":23,"column":8},"end":{"line":23,"column":69}},"14":{"start":{"line":27,"column":4},"end":{"line":37,"column":5}},"15":{"start":{"line":28,"column":8},"end":{"line":28,"column":47}},"16":{"start":{"line":29,"column":8},"end":{"line":29,"column":58}},"17":{"start":{"line":31,"column":8},"end":{"line":31,"column":54}},"18":{"start":{"line":32,"column":8},"end":{"line":32,"column":50}},"19":{"start":{"line":35,"column":8},"end":{"line":35,"column":61}},"20":{"start":{"line":36,"column":8},"end":{"line":36,"column":24}}},"fnMap":{"0":{"name":"(anonymous_0)","decl":{"start":{"line":2,"column":56},"end":{"line":2,"column":57}},"loc":{"start":{"line":2,"column":71},"end":{"line":4,"column":1}},"line":2},"1":{"name":"closeDB","decl":{"start":{"line":17,"column":15},"end":{"line":17,"column":22}},"loc":{"start":{"line":17,"column":25},"end":{"line":25,"column":1}},"line":17},"2":{"name":"connectDB","decl":{"start":{"line":26,"column":15},"end":{"line":26,"column":24}},"loc":{"start":{"line":26,"column":27},"end":{"line":38,"column":1}},"line":26}},"branchMap":{"0":{"loc":{"start":{"line":2,"column":22},"end":{"line":4,"column":1}},"type":"binary-expr","locations":[{"start":{"line":2,"column":23},"end":{"line":2,"column":27}},{"start":{"line":2,"column":31},"end":{"line":2,"column":51}},{"start":{"line":2,"column":56},"end":{"line":4,"column":1}}],"line":2},"1":{"loc":{"start":{"line":3,"column":11},"end":{"line":3,"column":61}},"type":"cond-expr","locations":[{"start":{"line":3,"column":37},"end":{"line":3,"column":40}},{"start":{"line":3,"column":43},"end":{"line":3,"column":61}}],"line":3},"2":{"loc":{"start":{"line":3,"column":12},"end":{"line":3,"column":33}},"type":"binary-expr","locations":[{"start":{"line":3,"column":12},"end":{"line":3,"column":15}},{"start":{"line":3,"column":19},"end":{"line":3,"column":33}}],"line":3}},"s":{"0":5,"1":5,"2":5,"3":5,"4":5,"5":5,"6":5,"7":5,"8":5,"9":5,"10":0,"11":0,"12":0,"13":0,"14":0,"15":0,"16":0,"17":0,"18":0,"19":0,"20":0},"f":{"0":5,"1":0,"2":0},"b":{"0":[5,5,5],"1":[0,5],"2":[5,5]},"inputSourceMap":null,"_coverageSchema":"1a1c01bbd47fc00a2c39e90264f33305004495a9","hash":"16190c88ee42d57b735d9e4b9d8bac15858f6b39"}
,"/home/ubuntu/giveaway_system/dist/testGiveaway.js": {"path":"/home/ubuntu/giveaway_system/dist/testGiveaway.js","statementMap":{"0":{"start":{"line":2,"column":0},"end":{"line":2,"column":62}},"1":{"start":{"line":3,"column":0},"end":{"line":3,"column":26}},"2":{"start":{"line":4,"column":24},"end":{"line":4,"column":56}},"3":{"start":{"line":5,"column":19},"end":{"line":5,"column":47}},"4":{"start":{"line":6,"column":21},"end":{"line":6,"column":42}},"5":{"start":{"line":7,"column":19},"end":{"line":7,"column":40}},"6":{"start":{"line":9,"column":19},"end":{"line":9,"column":59}},"7":{"start":{"line":11,"column":4},"end":{"line":11,"column":48}},"8":{"start":{"line":12,"column":4},"end":{"line":12,"column":38}},"9":{"start":{"line":13,"column":25},"end":{"line":13,"column":38}},"10":{"start":{"line":14,"column":4},"end":{"line":14,"column":54}},"11":{"start":{"line":15,"column":4},"end":{"line":29,"column":7}},"12":{"start":{"line":30,"column":4},"end":{"line":30,"column":39}},"13":{"start":{"line":31,"column":24},"end":{"line":39,"column":5}},"14":{"start":{"line":36,"column":12},"end":{"line":36,"column":48}},"15":{"start":{"line":37,"column":12},"end":{"line":37,"column":59}},"16":{"start":{"line":41,"column":4},"end":{"line":41,"column":78}},"17":{"start":{"line":42,"column":4},"end":{"line":42,"column":41}}},"fnMap":{"0":{"name":"runTest","decl":{"start":{"line":10,"column":15},"end":{"line":10,"column":22}},"loc":{"start":{"line":10,"column":25},"end":{"line":43,"column":1}},"line":10},"1":{"name":"(anonymous_1)","decl":{"start":{"line":35,"column":22},"end":{"line":35,"column":23}},"loc":{"start":{"line":35,"column":38},"end":{"line":38,"column":9}},"line":35}},"branchMap":{},"s":{"0":2,"1":2,"2":2,"3":2,"4":2,"5":2,"6":2,"7":2,"8":2,"9":2,"10":2,"11":2,"12":2,"13":2,"14":2,"15":2,"16":2,"17":2},"f":{"0":2,"1":2},"b":{},"inputSourceMap":null,"_coverageSchema":"1a1c01bbd47fc00a2c39e90264f33305004495a9","hash":"734c34e8147535beb06da4d8679ab0084e4220e0"}
,"/home/ubuntu/giveaway_system/dist/events/giveawayJoin.js": {"path":"/home/ubuntu/giveaway_system/dist/events/giveawayJoin.js","statementMap":{"0":{"start":{"line":2,"column":0},"end":{"line":2,"column":62}},"1":{"start":{"line":3,"column":0},"end":{"line":3,"column":44}},"2":{"start":{"line":4,"column":21},"end":{"line":4,"column":42}},"3":{"start":{"line":5,"column":19},"end":{"line":5,"column":48}},"4":{"start":{"line":7,"column":4},"end":{"line":86,"column":5}},"5":{"start":{"line":8,"column":8},"end":{"line":9,"column":19}},"6":{"start":{"line":9,"column":12},"end":{"line":9,"column":19}},"7":{"start":{"line":10,"column":26},"end":{"line":10,"column":66}},"8":{"start":{"line":11,"column":27},"end":{"line":11,"column":75}},"9":{"start":{"line":12,"column":23},"end":{"line":12,"column":42}},"10":{"start":{"line":13,"column":8},"end":{"line":13,"column":107}},"11":{"start":{"line":14,"column":23},"end":{"line":14,"column":69}},"12":{"start":{"line":15,"column":8},"end":{"line":25,"column":9}},"13":{"start":{"line":16,"column":12},"end":{"line":16,"column":85}},"14":{"start":{"line":18,"column":12},"end":{"line":18,"column":69}},"15":{"start":{"line":18,"column":43},"end":{"line":18,"column":67}},"16":{"start":{"line":19,"column":12},"end":{"line":19,"column":45}},"17":{"start":{"line":20,"column":12},"end":{"line":20,"column":70}},"18":{"start":{"line":21,"column":12},"end":{"line":24,"column":13}},"19":{"start":{"line":22,"column":16},"end":{"line":22,"column":95}},"20":{"start":{"line":23,"column":16},"end":{"line":23,"column":96}},"21":{"start":{"line":26,"column":8},"end":{"line":26,"column":79}},"22":{"start":{"line":27,"column":29},"end":{"line":27,"column":50}},"23":{"start":{"line":28,"column":30},"end":{"line":28,"column":59}},"24":{"start":{"line":29,"column":8},"end":{"line":51,"column":9}},"25":{"start":{"line":30,"column":12},"end":{"line":33,"column":13}},"26":{"start":{"line":31,"column":16},"end":{"line":31,"column":65}},"27":{"start":{"line":32,"column":16},"end":{"line":32,"column":116}},"28":{"start":{"line":34,"column":12},"end":{"line":37,"column":13}},"29":{"start":{"line":35,"column":16},"end":{"line":35,"column":66}},"30":{"start":{"line":36,"column":16},"end":{"line":36,"column":133}},"31":{"start":{"line":38,"column":12},"end":{"line":38,"column":38}},"32":{"start":{"line":39,"column":12},"end":{"line":39,"column":75}},"33":{"start":{"line":42,"column":12},"end":{"line":45,"column":13}},"34":{"start":{"line":43,"column":16},"end":{"line":43,"column":92}},"35":{"start":{"line":44,"column":16},"end":{"line":44,"column":107}},"36":{"start":{"line":46,"column":26},"end":{"line":46,"column":54}},"37":{"start":{"line":47,"column":12},"end":{"line":50,"column":13}},"38":{"start":{"line":48,"column":16},"end":{"line":48,"column":46}},"39":{"start":{"line":49,"column":16},"end":{"line":49,"column":77}},"40":{"start":{"line":52,"column":8},"end":{"line":52,"column":45}},"41":{"start":{"line":53,"column":8},"end":{"line":53,"column":30}},"42":{"start":{"line":54,"column":8},"end":{"line":57,"column":11}},"43":{"start":{"line":58,"column":24},"end":{"line":58,"column":43}},"44":{"start":{"line":60,"column":8},"end":{"line":68,"column":9}},"45":{"start":{"line":61,"column":12},"end":{"line":67,"column":13}},"46":{"start":{"line":62,"column":16},"end":{"line":62,"column":83}},"47":{"start":{"line":63,"column":16},"end":{"line":63,"column":95}},"48":{"start":{"line":66,"column":16},"end":{"line":66,"column":110}},"49":{"start":{"line":69,"column":8},"end":{"line":72,"column":9}},"50":{"start":{"line":70,"column":12},"end":{"line":70,"column":93}},"51":{"start":{"line":71,"column":12},"end":{"line":71,"column":19}},"52":{"start":{"line":73,"column":22},"end":{"line":73,"column":87}},"53":{"start":{"line":75,"column":31},"end":{"line":75,"column":112}},"54":{"start":{"line":75,"column":66},"end":{"line":75,"column":105}},"55":{"start":{"line":76,"column":8},"end":{"line":79,"column":11}},"56":{"start":{"line":80,"column":8},"end":{"line":80,"column":90}},"57":{"start":{"line":81,"column":8},"end":{"line":81,"column":56}},"58":{"start":{"line":82,"column":8},"end":{"line":82,"column":62}},"59":{"start":{"line":85,"column":8},"end":{"line":85,"column":70}}},"fnMap":{"0":{"name":"executeJoinLeave","decl":{"start":{"line":6,"column":15},"end":{"line":6,"column":31}},"loc":{"start":{"line":6,"column":45},"end":{"line":87,"column":1}},"line":6},"1":{"name":"(anonymous_1)","decl":{"start":{"line":18,"column":30},"end":{"line":18,"column":31}},"loc":{"start":{"line":18,"column":43},"end":{"line":18,"column":67}},"line":18},"2":{"name":"(anonymous_2)","decl":{"start":{"line":75,"column":57},"end":{"line":75,"column":58}},"loc":{"start":{"line":75,"column":66},"end":{"line":75,"column":105}},"line":75}},"branchMap":{"0":{"loc":{"start":{"line":8,"column":8},"end":{"line":9,"column":19}},"type":"if","locations":[{"start":{"line":8,"column":8},"end":{"line":9,"column":19}},{"start":{},"end":{}}],"line":8},"1":{"loc":{"start":{"line":8,"column":12},"end":{"line":8,"column":99}},"type":"binary-expr","locations":[{"start":{"line":8,"column":12},"end":{"line":8,"column":53}},{"start":{"line":8,"column":57},"end":{"line":8,"column":99}}],"line":8},"2":{"loc":{"start":{"line":15,"column":8},"end":{"line":25,"column":9}},"type":"if","locations":[{"start":{"line":15,"column":8},"end":{"line":25,"column":9}},{"start":{},"end":{}}],"line":15},"3":{"loc":{"start":{"line":21,"column":12},"end":{"line":24,"column":13}},"type":"if","locations":[{"start":{"line":21,"column":12},"end":{"line":24,"column":13}},{"start":{},"end":{}}],"line":21},"4":{"loc":{"start":{"line":29,"column":8},"end":{"line":51,"column":9}},"type":"if","locations":[{"start":{"line":29,"column":8},"end":{"line":51,"column":9}},{"start":{"line":41,"column":13},"end":{"line":51,"column":9}}],"line":29},"5":{"loc":{"start":{"line":30,"column":12},"end":{"line":33,"column":13}},"type":"if","locations":[{"start":{"line":30,"column":12},"end":{"line":33,"column":13}},{"start":{},"end":{}}],"line":30},"6":{"loc":{"start":{"line":34,"column":12},"end":{"line":37,"column":13}},"type":"if","locations":[{"start":{"line":34,"column":12},"end":{"line":37,"column":13}},{"start":{},"end":{}}],"line":34},"7":{"loc":{"start":{"line":42,"column":12},"end":{"line":45,"column":13}},"type":"if","locations":[{"start":{"line":42,"column":12},"end":{"line":45,"column":13}},{"start":{},"end":{}}],"line":42},"8":{"loc":{"start":{"line":47,"column":12},"end":{"line":50,"column":13}},"type":"if","locations":[{"start":{"line":47,"column":12},"end":{"line":50,"column":13}},{"start":{},"end":{}}],"line":47},"9":{"loc":{"start":{"line":55,"column":21},"end":{"line":55,"column":122}},"type":"cond-expr","locations":[{"start":{"line":55,"column":33},"end":{"line":55,"column":88}},{"start":{"line":55,"column":91},"end":{"line":55,"column":122}}],"line":55},"10":{"loc":{"start":{"line":60,"column":8},"end":{"line":68,"column":9}},"type":"if","locations":[{"start":{"line":60,"column":8},"end":{"line":68,"column":9}},{"start":{},"end":{}}],"line":60},"11":{"loc":{"start":{"line":69,"column":8},"end":{"line":72,"column":9}},"type":"if","locations":[{"start":{"line":69,"column":8},"end":{"line":72,"column":9}},{"start":{},"end":{}}],"line":69},"12":{"loc":{"start":{"line":69,"column":12},"end":{"line":69,"column":67}},"type":"binary-expr","locations":[{"start":{"line":69,"column":12},"end":{"line":69,"column":28}},{"start":{"line":69,"column":32},"end":{"line":69,"column":67}}],"line":69},"13":{"loc":{"start":{"line":75,"column":31},"end":{"line":75,"column":112}},"type":"binary-expr","locations":[{"start":{"line":75,"column":31},"end":{"line":75,"column":106}},{"start":{"line":75,"column":110},"end":{"line":75,"column":112}}],"line":75}},"s":{"0":1,"1":1,"2":1,"3":1,"4":1,"5":1,"6":0,"7":1,"8":1,"9":1,"10":1,"11":1,"12":1,"13":0,"14":0,"15":0,"16":0,"17":0,"18":0,"19":0,"20":0,"21":1,"22":1,"23":1,"24":1,"25":1,"26":0,"27":0,"28":1,"29":0,"30":0,"31":1,"32":1,"33":0,"34":0,"35":0,"36":0,"37":0,"38":0,"39":0,"40":1,"41":1,"42":1,"43":1,"44":1,"45":1,"46":1,"47":0,"48":1,"49":1,"50":1,"51":1,"52":0,"53":0,"54":0,"55":0,"56":0,"57":0,"58":0,"59":0},"f":{"0":1,"1":0,"2":0},"b":{"0":[0,1],"1":[1,0],"2":[0,1],"3":[0,0],"4":[1,0],"5":[0,1],"6":[0,1],"7":[0,0],"8":[0,0],"9":[1,0],"10":[1,0],"11":[1,0],"12":[1,0],"13":[0,0]},"inputSourceMap":null,"_coverageSchema":"1a1c01bbd47fc00a2c39e90264f33305004495a9","hash":"2fa922fd9fa66b091c7f108800471c107f2d0847"}
,"/home/ubuntu/giveaway_system/dist/models/Giveaway.js": {"path":"/home/ubuntu/giveaway_system/dist/models/Giveaway.js","statementMap":{"0":{"start":{"line":2,"column":0},"end":{"line":2,"column":62}},"1":{"start":{"line":3,"column":0},"end":{"line":3,"column":26}},"2":{"start":{"line":4,"column":20},"end":{"line":4,"column":40}},"3":{"start":{"line":5,"column":19},"end":{"line":5,"column":41}},"4":{"start":{"line":8,"column":0},"end":{"line":8,"column":28}},"5":{"start":{"line":9,"column":0},"end":{"line":41,"column":3}},"6":{"start":{"line":24,"column":12},"end":{"line":24,"column":65}},"7":{"start":{"line":27,"column":12},"end":{"line":27,"column":69}}},"fnMap":{"0":{"name":"(anonymous_0)","decl":{"start":{"line":23,"column":8},"end":{"line":23,"column":9}},"loc":{"start":{"line":23,"column":14},"end":{"line":25,"column":9}},"line":23},"1":{"name":"(anonymous_1)","decl":{"start":{"line":26,"column":8},"end":{"line":26,"column":9}},"loc":{"start":{"line":26,"column":19},"end":{"line":28,"column":9}},"line":26}},"branchMap":{},"s":{"0":5,"1":5,"2":5,"3":5,"4":5,"5":5,"6":6,"7":7},"f":{"0":6,"1":7},"b":{},"inputSourceMap":null,"_coverageSchema":"1a1c01bbd47fc00a2c39e90264f33305004495a9","hash":"c1419cc0df24bc114176a8adb1eea8611414fb7b"}
,"/home/ubuntu/giveaway_system/dist/utils/giveawayTimer.js": {"path":"/home/ubuntu/giveaway_system/dist/utils/giveawayTimer.js","statementMap":{"0":{"start":{"line":2,"column":0},"end":{"line":2,"column":62}},"1":{"start":{"line":3,"column":0},"end":{"line":3,"column":48}},"2":{"start":{"line":4,"column":21},"end":{"line":4,"column":42}},"3":{"start":{"line":5,"column":19},"end":{"line":5,"column":48}},"4":{"start":{"line":13,"column":4},"end":{"line":34,"column":5}},"5":{"start":{"line":14,"column":25},"end":{"line":14,"column":71}},"6":{"start":{"line":15,"column":8},"end":{"line":18,"column":9}},"7":{"start":{"line":16,"column":12},"end":{"line":16,"column":65}},"8":{"start":{"line":17,"column":12},"end":{"line":17,"column":19}},"9":{"start":{"line":19,"column":8},"end":{"line":19,"column":72}},"10":{"start":{"line":20,"column":28},"end":{"line":22,"column":78}},"11":{"start":{"line":23,"column":8},"end":{"line":26,"column":11}},"12":{"start":{"line":27,"column":8},"end":{"line":27,"column":56}},"13":{"start":{"line":28,"column":8},"end":{"line":28,"column":64}},"14":{"start":{"line":29,"column":8},"end":{"line":29,"column":83}},"15":{"start":{"line":30,"column":8},"end":{"line":30,"column":89}},"16":{"start":{"line":30,"column":25},"end":{"line":30,"column":72}},"17":{"start":{"line":33,"column":8},"end":{"line":33,"column":69}}},"fnMap":{"0":{"name":"startLiveCountdown","decl":{"start":{"line":12,"column":15},"end":{"line":12,"column":33}},"loc":{"start":{"line":12,"column":63},"end":{"line":35,"column":1}},"line":12},"1":{"name":"(anonymous_1)","decl":{"start":{"line":30,"column":19},"end":{"line":30,"column":20}},"loc":{"start":{"line":30,"column":25},"end":{"line":30,"column":72}},"line":30}},"branchMap":{"0":{"loc":{"start":{"line":15,"column":8},"end":{"line":18,"column":9}},"type":"if","locations":[{"start":{"line":15,"column":8},"end":{"line":18,"column":9}},{"start":{},"end":{}}],"line":15},"1":{"loc":{"start":{"line":20,"column":28},"end":{"line":22,"column":78}},"type":"cond-expr","locations":[{"start":{"line":21,"column":14},"end":{"line":21,"column":63}},{"start":{"line":22,"column":14},"end":{"line":22,"column":78}}],"line":20}},"s":{"0":3,"1":3,"2":3,"3":3,"4":5,"5":5,"6":5,"7":0,"8":0,"9":5,"10":5,"11":5,"12":5,"13":4,"14":4,"15":4,"16":0,"17":1},"f":{"0":5,"1":0},"b":{"0":[0,5],"1":[0,5]},"inputSourceMap":null,"_coverageSchema":"1a1c01bbd47fc00a2c39e90264f33305004495a9","hash":"9a44ed4bf5ebd81a98bfd952812b79f55351ce1b"}
,"/home/ubuntu/giveaway_system/src/database.ts": {"path":"/home/ubuntu/giveaway_system/src/database.ts","statementMap":{"0":{"start":{"line":17,"column":0},"end":{"line":17,"column":7}},"1":{"start":{"line":26,"column":0},"end":{"line":26,"column":7}},"2":{"start":{"line":1,"column":0},"end":{"line":1,"column":38}},"3":{"start":{"line":2,"column":0},"end":{"line":2,"column":28}},"4":{"start":{"line":4,"column":0},"end":{"line":4,"column":16}},"5":{"start":{"line":6,"column":13},"end":{"line":15,"column":2}},"6":{"start":{"line":18,"column":4},"end":{"line":23,"column":5}},"7":{"start":{"line":19,"column":8},"end":{"line":19,"column":32}},"8":{"start":{"line":20,"column":8},"end":{"line":20,"column":53}},"9":{"start":{"line":22,"column":8},"end":{"line":22,"column":69}},"10":{"start":{"line":27,"column":4},"end":{"line":37,"column":5}},"11":{"start":{"line":28,"column":8},"end":{"line":28,"column":39}},"12":{"start":{"line":29,"column":8},"end":{"line":29,"column":58}},"13":{"start":{"line":32,"column":8},"end":{"line":32,"column":46}},"14":{"start":{"line":33,"column":8},"end":{"line":33,"column":50}},"15":{"start":{"line":35,"column":8},"end":{"line":35,"column":61}},"16":{"start":{"line":36,"column":8},"end":{"line":36,"column":24}}},"fnMap":{"0":{"name":"closeDB","decl":{"start":{"line":17,"column":22},"end":{"line":17,"column":29}},"loc":{"start":{"line":17,"column":29},"end":{"line":24,"column":1}}},"1":{"name":"connectDB","decl":{"start":{"line":26,"column":22},"end":{"line":26,"column":31}},"loc":{"start":{"line":26,"column":31},"end":{"line":38,"column":1}}}},"branchMap":{},"s":{"0":5,"1":5,"2":5,"3":5,"4":5,"5":5,"6":0,"7":0,"8":0,"9":0,"10":0,"11":0,"12":0,"13":0,"14":0,"15":0,"16":0},"f":{"0":0,"1":0},"b":{}}
,"/home/ubuntu/giveaway_system/src/testGiveaway.ts": {"path":"/home/ubuntu/giveaway_system/src/testGiveaway.ts","statementMap":{"0":{"start":{"line":50,"column":9},"end":{"line":50,"column":16}},"1":{"start":{"line":1,"column":0},"end":{"line":1,"column":59}},"2":{"start":{"line":2,"column":0},"end":{"line":2,"column":45}},"3":{"start":{"line":3,"column":0},"end":{"line":3,"column":58}},"4":{"start":{"line":4,"column":0},"end":{"line":4,"column":39}},"5":{"start":{"line":7,"column":19},"end":{"line":7,"column":46}},"6":{"start":{"line":10,"column":4},"end":{"line":10,"column":48}},"7":{"start":{"line":12,"column":4},"end":{"line":12,"column":27}},"8":{"start":{"line":14,"column":25},"end":{"line":14,"column":38}},"9":{"start":{"line":15,"column":4},"end":{"line":15,"column":54}},"10":{"start":{"line":16,"column":4},"end":{"line":30,"column":7}},"11":{"start":{"line":32,"column":4},"end":{"line":32,"column":39}},"12":{"start":{"line":34,"column":24},"end":{"line":42,"column":28}},"13":{"start":{"line":39,"column":12},"end":{"line":39,"column":48}},"14":{"start":{"line":40,"column":12},"end":{"line":40,"column":59}},"15":{"start":{"line":45,"column":4},"end":{"line":45,"column":57}},"16":{"start":{"line":47,"column":4},"end":{"line":47,"column":41}}},"fnMap":{"0":{"name":"runTest","decl":{"start":{"line":9,"column":15},"end":{"line":9,"column":22}},"loc":{"start":{"line":9,"column":22},"end":{"line":48,"column":1}}},"1":{"name":"(anonymous_1)","decl":{"start":{"line":38,"column":22},"end":{"line":38,"column":27}},"loc":{"start":{"line":38,"column":37},"end":{"line":41,"column":9}}}},"branchMap":{},"s":{"0":2,"1":2,"2":2,"3":2,"4":2,"5":2,"6":2,"7":2,"8":2,"9":2,"10":2,"11":2,"12":2,"13":2,"14":2,"15":2,"16":2},"f":{"0":2,"1":2},"b":{}}
,"/home/ubuntu/giveaway_system/src/events/giveawayJoin.ts": {"path":"/home/ubuntu/giveaway_system/src/events/giveawayJoin.ts","statementMap":{"0":{"start":{"line":4,"column":0},"end":{"line":4,"column":7}},"1":{"start":{"line":1,"column":0},"end":{"line":1,"column":74}},"2":{"start":{"line":2,"column":0},"end":{"line":2,"column":46}},"3":{"start":{"line":5,"column":2},"end":{"line":99,"column":3}},"4":{"start":{"line":6,"column":4},"end":{"line":6,"column":104}},"5":{"start":{"line":6,"column":97},"end":{"line":6,"column":104}},"6":{"start":{"line":8,"column":22},"end":{"line":8,"column":62}},"7":{"start":{"line":9,"column":23},"end":{"line":9,"column":71}},"8":{"start":{"line":10,"column":19},"end":{"line":10,"column":38}},"9":{"start":{"line":12,"column":4},"end":{"line":12,"column":103}},"10":{"start":{"line":14,"column":19},"end":{"line":14,"column":54}},"11":{"start":{"line":16,"column":4},"end":{"line":29,"column":5}},"12":{"start":{"line":17,"column":6},"end":{"line":17,"column":79}},"13":{"start":{"line":20,"column":6},"end":{"line":20,"column":63}},"14":{"start":{"line":20,"column":37},"end":{"line":20,"column":61}},"15":{"start":{"line":21,"column":6},"end":{"line":21,"column":28}},"16":{"start":{"line":23,"column":6},"end":{"line":23,"column":53}},"17":{"start":{"line":25,"column":6},"end":{"line":28,"column":7}},"18":{"start":{"line":26,"column":8},"end":{"line":26,"column":87}},"19":{"start":{"line":27,"column":8},"end":{"line":27,"column":88}},"20":{"start":{"line":31,"column":4},"end":{"line":31,"column":75}},"21":{"start":{"line":33,"column":35},"end":{"line":33,"column":56}},"22":{"start":{"line":34,"column":26},"end":{"line":34,"column":55}},"23":{"start":{"line":36,"column":4},"end":{"line":57,"column":5}},"24":{"start":{"line":37,"column":6},"end":{"line":40,"column":7}},"25":{"start":{"line":38,"column":8},"end":{"line":38,"column":57}},"26":{"start":{"line":39,"column":8},"end":{"line":39,"column":108}},"27":{"start":{"line":41,"column":6},"end":{"line":44,"column":7}},"28":{"start":{"line":42,"column":8},"end":{"line":42,"column":58}},"29":{"start":{"line":43,"column":8},"end":{"line":43,"column":125}},"30":{"start":{"line":45,"column":6},"end":{"line":45,"column":32}},"31":{"start":{"line":46,"column":6},"end":{"line":46,"column":69}},"32":{"start":{"line":48,"column":6},"end":{"line":51,"column":7}},"33":{"start":{"line":49,"column":8},"end":{"line":49,"column":84}},"34":{"start":{"line":50,"column":8},"end":{"line":50,"column":99}},"35":{"start":{"line":52,"column":20},"end":{"line":52,"column":48}},"36":{"start":{"line":53,"column":6},"end":{"line":56,"column":7}},"37":{"start":{"line":54,"column":8},"end":{"line":54,"column":38}},"38":{"start":{"line":55,"column":8},"end":{"line":55,"column":69}},"39":{"start":{"line":59,"column":4},"end":{"line":59,"column":41}},"40":{"start":{"line":60,"column":4},"end":{"line":60,"column":26}},"41":{"start":{"line":62,"column":4},"end":{"line":65,"column":7}},"42":{"start":{"line":67,"column":20},"end":{"line":67,"column":54}},"43":{"start":{"line":70,"column":4},"end":{"line":77,"column":5}},"44":{"start":{"line":71,"column":6},"end":{"line":76,"column":7}},"45":{"start":{"line":72,"column":8},"end":{"line":72,"column":75}},"46":{"start":{"line":73,"column":8},"end":{"line":73,"column":87}},"47":{"start":{"line":75,"column":8},"end":{"line":75,"column":102}},"48":{"start":{"line":79,"column":4},"end":{"line":82,"column":5}},"49":{"start":{"line":80,"column":6},"end":{"line":80,"column":87}},"50":{"start":{"line":81,"column":6},"end":{"line":81,"column":13}},"51":{"start":{"line":84,"column":18},"end":{"line":84,"column":70}},"52":{"start":{"line":87,"column":27},"end":{"line":87,"column":108}},"53":{"start":{"line":87,"column":62},"end":{"line":87,"column":101}},"54":{"start":{"line":89,"column":4},"end":{"line":92,"column":7}},"55":{"start":{"line":94,"column":4},"end":{"line":94,"column":86}},"56":{"start":{"line":95,"column":4},"end":{"line":95,"column":52}},"57":{"start":{"line":96,"column":4},"end":{"line":96,"column":58}},"58":{"start":{"line":98,"column":4},"end":{"line":98,"column":66}}},"fnMap":{"0":{"name":"executeJoinLeave","decl":{"start":{"line":4,"column":22},"end":{"line":4,"column":38}},"loc":{"start":{"line":4,"column":69},"end":{"line":100,"column":1}}},"1":{"name":"(anonymous_1)","decl":{"start":{"line":20,"column":24},"end":{"line":20,"column":25}},"loc":{"start":{"line":20,"column":37},"end":{"line":20,"column":61}}},"2":{"name":"(anonymous_2)","decl":{"start":{"line":87,"column":53},"end":{"line":87,"column":58}},"loc":{"start":{"line":87,"column":62},"end":{"line":87,"column":101}}}},"branchMap":{"0":{"loc":{"start":{"line":6,"column":4},"end":{"line":6,"column":104}},"type":"if","locations":[{"start":{"line":6,"column":4},"end":{"line":6,"column":104}}]},"1":{"loc":{"start":{"line":6,"column":8},"end":{"line":6,"column":95}},"type":"binary-expr","locations":[{"start":{"line":6,"column":8},"end":{"line":6,"column":49}},{"start":{"line":6,"column":53},"end":{"line":6,"column":95}}]},"2":{"loc":{"start":{"line":16,"column":4},"end":{"line":29,"column":5}},"type":"if","locations":[{"start":{"line":16,"column":4},"end":{"line":29,"column":5}}]},"3":{"loc":{"start":{"line":25,"column":6},"end":{"line":28,"column":7}},"type":"if","locations":[{"start":{"line":25,"column":6},"end":{"line":28,"column":7}}]},"4":{"loc":{"start":{"line":36,"column":4},"end":{"line":57,"column":5}},"type":"if","locations":[{"start":{"line":36,"column":4},"end":{"line":57,"column":5}},{"start":{"line":47,"column":11},"end":{"line":57,"column":5}}]},"5":{"loc":{"start":{"line":37,"column":6},"end":{"line":40,"column":7}},"type":"if","locations":[{"start":{"line":37,"column":6},"end":{"line":40,"column":7}}]},"6":{"loc":{"start":{"line":41,"column":6},"end":{"line":44,"column":7}},"type":"if","locations":[{"start":{"line":41,"column":6},"end":{"line":44,"column":7}}]},"7":{"loc":{"start":{"line":48,"column":6},"end":{"line":51,"column":7}},"type":"if","locations":[{"start":{"line":48,"column":6},"end":{"line":51,"column":7}}]},"8":{"loc":{"start":{"line":53,"column":6},"end":{"line":56,"column":7}},"type":"if","locations":[{"start":{"line":53,"column":6},"end":{"line":56,"column":7}}]},"9":{"loc":{"start":{"line":63,"column":15},"end":{"line":63,"column":116}},"type":"cond-expr","locations":[{"start":{"line":63,"column":27},"end":{"line":63,"column":82}},{"start":{"line":63,"column":85},"end":{"line":63,"column":116}}]},"10":{"loc":{"start":{"line":70,"column":4},"end":{"line":77,"column":5}},"type":"if","locations":[{"start":{"line":70,"column":4},"end":{"line":77,"column":5}}]},"11":{"loc":{"start":{"line":79,"column":4},"end":{"line":82,"column":5}},"type":"if","locations":[{"start":{"line":79,"column":4},"end":{"line":82,"column":5}}]},"12":{"loc":{"start":{"line":79,"column":8},"end":{"line":79,"column":63}},"type":"binary-expr","locations":[{"start":{"line":79,"column":8},"end":{"line":79,"column":24}},{"start":{"line":79,"column":28},"end":{"line":79,"column":63}}]},"13":{"loc":{"start":{"line":87,"column":27},"end":{"line":87,"column":108}},"type":"binary-expr","locations":[{"start":{"line":87,"column":27},"end":{"line":87,"column":102}},{"start":{"line":87,"column":106},"end":{"line":87,"column":108}}]}},"s":{"0":1,"1":1,"2":1,"3":1,"4":1,"5":0,"6":1,"7":1,"8":1,"9":1,"10":1,"11":1,"12":0,"13":0,"14":0,"15":0,"16":0,"17":0,"18":0,"19":0,"20":1,"21":1,"22":1,"23":1,"24":1,"25":0,"26":0,"27":1,"28":0,"29":0,"30":1,"31":1,"32":0,"33":0,"34":0,"35":0,"36":0,"37":0,"38":0,"39":1,"40":1,"41":1,"42":1,"43":1,"44":1,"45":1,"46":0,"47":1,"48":1,"49":1,"50":1,"51":0,"52":0,"53":0,"54":0,"55":0,"56":0,"57":0,"58":0},"f":{"0":1,"1":0,"2":0},"b":{"0":[0],"1":[1,0],"2":[0],"3":[0],"4":[1,0],"5":[0],"6":[0],"7":[0],"8":[0],"9":[1,0],"10":[1],"11":[1],"12":[1,0],"13":[0,0]}}
,"/home/ubuntu/giveaway_system/src/models/Giveaway.ts": {"path":"/home/ubuntu/giveaway_system/src/models/Giveaway.ts","statementMap":{"0":{"start":{"line":1,"column":0},"end":{"line":1,"column":45}},"1":{"start":{"line":2,"column":0},"end":{"line":2,"column":40}},"2":{"start":{"line":4,"column":0},"end":{"line":4,"column":13}},"3":{"start":{"line":19,"column":0},"end":{"line":54,"column":2}},"4":{"start":{"line":35,"column":16},"end":{"line":35,"column":69}},"5":{"start":{"line":38,"column":16},"end":{"line":38,"column":73}}},"fnMap":{"0":{"name":"(anonymous_0)","decl":{"start":{"line":34,"column":12},"end":{"line":34,"column":15}},"loc":{"start":{"line":34,"column":15},"end":{"line":36,"column":13}}},"1":{"name":"(anonymous_1)","decl":{"start":{"line":37,"column":12},"end":{"line":37,"column":15}},"loc":{"start":{"line":37,"column":40},"end":{"line":39,"column":13}}}},"branchMap":{},"s":{"0":5,"1":5,"2":5,"3":5,"4":6,"5":7},"f":{"0":6,"1":7},"b":{}}
,"/home/ubuntu/giveaway_system/src/utils/giveawayTimer.ts": {"path":"/home/ubuntu/giveaway_system/src/utils/giveawayTimer.ts","statementMap":{"0":{"start":{"line":10,"column":0},"end":{"line":10,"column":7}},"1":{"start":{"line":1,"column":0},"end":{"line":1,"column":59}},"2":{"start":{"line":2,"column":0},"end":{"line":2,"column":46}},"3":{"start":{"line":15,"column":4},"end":{"line":41,"column":5}},"4":{"start":{"line":16,"column":25},"end":{"line":16,"column":60}},"5":{"start":{"line":17,"column":8},"end":{"line":20,"column":9}},"6":{"start":{"line":18,"column":12},"end":{"line":18,"column":65}},"7":{"start":{"line":19,"column":12},"end":{"line":19,"column":19}},"8":{"start":{"line":22,"column":8},"end":{"line":22,"column":72}},"9":{"start":{"line":24,"column":28},"end":{"line":26,"column":65}},"10":{"start":{"line":28,"column":8},"end":{"line":31,"column":11}},"11":{"start":{"line":33,"column":8},"end":{"line":33,"column":56}},"12":{"start":{"line":34,"column":8},"end":{"line":34,"column":64}},"13":{"start":{"line":36,"column":8},"end":{"line":36,"column":83}},"14":{"start":{"line":38,"column":8},"end":{"line":38,"column":89}},"15":{"start":{"line":38,"column":25},"end":{"line":38,"column":72}},"16":{"start":{"line":40,"column":8},"end":{"line":40,"column":69}}},"fnMap":{"0":{"name":"startLiveCountdown","decl":{"start":{"line":10,"column":22},"end":{"line":10,"column":40}},"loc":{"start":{"line":13,"column":18},"end":{"line":42,"column":1}}},"1":{"name":"(anonymous_1)","decl":{"start":{"line":38,"column":19},"end":{"line":38,"column":22}},"loc":{"start":{"line":38,"column":25},"end":{"line":38,"column":72}}}},"branchMap":{"0":{"loc":{"start":{"line":17,"column":8},"end":{"line":20,"column":9}},"type":"if","locations":[{"start":{"line":17,"column":8},"end":{"line":20,"column":9}}]},"1":{"loc":{"start":{"line":24,"column":28},"end":{"line":26,"column":65}},"type":"cond-expr","locations":[{"start":{"line":25,"column":14},"end":{"line":25,"column":50}},{"start":{"line":26,"column":14},"end":{"line":26,"column":65}}]}},"s":{"0":3,"1":3,"2":3,"3":5,"4":5,"5":5,"6":0,"7":0,"8":5,"9":5,"10":5,"11":5,"12":4,"13":4,"14":4,"15":0,"16":1},"f":{"0":5,"1":0},"b":{"0":[0],"1":[0,5]}}
}
