TN:
SF:dist/database.js
FN:2,(anonymous_0)
FN:17,closeDB
FN:26,connectDB
FNF:3
FNH:1
FNDA:5,(anonymous_0)
FNDA:0,closeDB
FNDA:0,connectDB
DA:2,5
DA:3,5
DA:5,5
DA:6,5
DA:7,5
DA:8,5
DA:9,5
DA:10,5
DA:11,5
DA:12,5
DA:18,0
DA:19,0
DA:20,0
DA:23,0
DA:27,0
DA:28,0
DA:29,0
DA:31,0
DA:32,0
DA:35,0
DA:36,0
LF:21
LH:10
BRDA:2,0,0,5
BRDA:2,0,1,5
BRDA:2,0,2,5
BRDA:3,1,0,0
BRDA:3,1,1,5
BRDA:3,2,0,5
BRDA:3,2,1,5
BRF:7
BRH:6
end_of_record
TN:
SF:dist/testGiveaway.js
FN:10,runTest
FN:35,(anonymous_1)
FNF:2
FNH:2
FNDA:2,runTest
FNDA:2,(anonymous_1)
DA:2,2
DA:3,2
DA:4,2
DA:5,2
DA:6,2
DA:7,2
DA:9,2
DA:11,2
DA:12,2
DA:13,2
DA:14,2
DA:15,2
DA:30,2
DA:31,2
DA:36,2
DA:37,2
DA:41,2
DA:42,2
LF:18
LH:18
BRF:0
BRH:0
end_of_record
TN:
SF:dist/events/giveawayJoin.js
FN:6,executeJoinLeave
FN:18,(anonymous_1)
FN:75,(anonymous_2)
FNF:3
FNH:1
FNDA:1,executeJoinLeave
FNDA:0,(anonymous_1)
FNDA:0,(anonymous_2)
DA:2,1
DA:3,1
DA:4,1
DA:5,1
DA:7,1
DA:8,1
DA:9,0
DA:10,1
DA:11,1
DA:12,1
DA:13,1
DA:14,1
DA:15,1
DA:16,0
DA:18,0
DA:19,0
DA:20,0
DA:21,0
DA:22,0
DA:23,0
DA:26,1
DA:27,1
DA:28,1
DA:29,1
DA:30,1
DA:31,0
DA:32,0
DA:34,1
DA:35,0
DA:36,0
DA:38,1
DA:39,1
DA:42,0
DA:43,0
DA:44,0
DA:46,0
DA:47,0
DA:48,0
DA:49,0
DA:52,1
DA:53,1
DA:54,1
DA:58,1
DA:60,1
DA:61,1
DA:62,1
DA:63,0
DA:66,1
DA:69,1
DA:70,1
DA:71,1
DA:73,0
DA:75,0
DA:76,0
DA:80,0
DA:81,0
DA:82,0
DA:85,0
LF:58
LH:31
BRDA:8,0,0,0
BRDA:8,0,1,1
BRDA:8,1,0,1
BRDA:8,1,1,0
BRDA:15,2,0,0
BRDA:15,2,1,1
BRDA:21,3,0,0
BRDA:21,3,1,0
BRDA:29,4,0,1
BRDA:29,4,1,0
BRDA:30,5,0,0
BRDA:30,5,1,1
BRDA:34,6,0,0
BRDA:34,6,1,1
BRDA:42,7,0,0
BRDA:42,7,1,0
BRDA:47,8,0,0
BRDA:47,8,1,0
BRDA:55,9,0,1
BRDA:55,9,1,0
BRDA:60,10,0,1
BRDA:60,10,1,0
BRDA:69,11,0,1
BRDA:69,11,1,0
BRDA:69,12,0,1
BRDA:69,12,1,0
BRDA:75,13,0,0
BRDA:75,13,1,0
BRF:28
BRH:10
end_of_record
TN:
SF:dist/models/Giveaway.js
FN:23,(anonymous_0)
FN:26,(anonymous_1)
FNF:2
FNH:2
FNDA:6,(anonymous_0)
FNDA:7,(anonymous_1)
DA:2,5
DA:3,5
DA:4,5
DA:5,5
DA:8,5
DA:9,5
DA:24,6
DA:27,7
LF:8
LH:8
BRF:0
BRH:0
end_of_record
TN:
SF:dist/utils/giveawayTimer.js
FN:12,startLiveCountdown
FN:30,(anonymous_1)
FNF:2
FNH:1
FNDA:5,startLiveCountdown
FNDA:0,(anonymous_1)
DA:2,3
DA:3,3
DA:4,3
DA:5,3
DA:13,5
DA:14,5
DA:15,5
DA:16,0
DA:17,0
DA:19,5
DA:20,5
DA:23,5
DA:27,5
DA:28,4
DA:29,4
DA:30,4
DA:33,1
LF:17
LH:15
BRDA:15,0,0,0
BRDA:15,0,1,5
BRDA:20,1,0,0
BRDA:20,1,1,5
BRF:4
BRH:2
end_of_record
TN:
SF:src/database.ts
FN:17,closeDB
FN:26,connectDB
FNF:2
FNH:0
FNDA:0,closeDB
FNDA:0,connectDB
DA:1,5
DA:2,5
DA:4,5
DA:6,5
DA:17,5
DA:18,0
DA:19,0
DA:20,0
DA:22,0
DA:26,5
DA:27,0
DA:28,0
DA:29,0
DA:32,0
DA:33,0
DA:35,0
DA:36,0
LF:17
LH:6
BRF:0
BRH:0
end_of_record
TN:
SF:src/testGiveaway.ts
FN:9,runTest
FN:38,(anonymous_1)
FNF:2
FNH:2
FNDA:2,runTest
FNDA:2,(anonymous_1)
DA:1,2
DA:2,2
DA:3,2
DA:4,2
DA:7,2
DA:10,2
DA:12,2
DA:14,2
DA:15,2
DA:16,2
DA:32,2
DA:34,2
DA:39,2
DA:40,2
DA:45,2
DA:47,2
DA:50,2
LF:17
LH:17
BRF:0
BRH:0
end_of_record
TN:
SF:src/events/giveawayJoin.ts
FN:4,executeJoinLeave
FN:20,(anonymous_1)
FN:87,(anonymous_2)
FNF:3
FNH:1
FNDA:1,executeJoinLeave
FNDA:0,(anonymous_1)
FNDA:0,(anonymous_2)
DA:1,1
DA:2,1
DA:4,1
DA:5,1
DA:6,1
DA:8,1
DA:9,1
DA:10,1
DA:12,1
DA:14,1
DA:16,1
DA:17,0
DA:20,0
DA:21,0
DA:23,0
DA:25,0
DA:26,0
DA:27,0
DA:31,1
DA:33,1
DA:34,1
DA:36,1
DA:37,1
DA:38,0
DA:39,0
DA:41,1
DA:42,0
DA:43,0
DA:45,1
DA:46,1
DA:48,0
DA:49,0
DA:50,0
DA:52,0
DA:53,0
DA:54,0
DA:55,0
DA:59,1
DA:60,1
DA:62,1
DA:67,1
DA:70,1
DA:71,1
DA:72,1
DA:73,0
DA:75,1
DA:79,1
DA:80,1
DA:81,1
DA:84,0
DA:87,0
DA:89,0
DA:94,0
DA:95,0
DA:96,0
DA:98,0
LF:56
LH:30
BRDA:6,0,0,0
BRDA:6,1,0,1
BRDA:6,1,1,0
BRDA:16,2,0,0
BRDA:25,3,0,0
BRDA:36,4,0,1
BRDA:36,4,1,0
BRDA:37,5,0,0
BRDA:41,6,0,0
BRDA:48,7,0,0
BRDA:53,8,0,0
BRDA:63,9,0,1
BRDA:63,9,1,0
BRDA:70,10,0,1
BRDA:79,11,0,1
BRDA:79,12,0,1
BRDA:79,12,1,0
BRDA:87,13,0,0
BRDA:87,13,1,0
BRF:19
BRH:6
end_of_record
TN:
SF:src/models/Giveaway.ts
FN:34,(anonymous_0)
FN:37,(anonymous_1)
FNF:2
FNH:2
FNDA:6,(anonymous_0)
FNDA:7,(anonymous_1)
DA:1,5
DA:2,5
DA:4,5
DA:19,5
DA:35,6
DA:38,7
LF:6
LH:6
BRF:0
BRH:0
end_of_record
TN:
SF:src/utils/giveawayTimer.ts
FN:10,startLiveCountdown
FN:38,(anonymous_1)
FNF:2
FNH:1
FNDA:5,startLiveCountdown
FNDA:0,(anonymous_1)
DA:1,3
DA:2,3
DA:10,3
DA:15,5
DA:16,5
DA:17,5
DA:18,0
DA:19,0
DA:22,5
DA:24,5
DA:28,5
DA:33,5
DA:34,4
DA:36,4
DA:38,4
DA:40,1
LF:16
LH:14
BRDA:17,0,0,0
BRDA:24,1,0,0
BRDA:24,1,1,5
BRF:3
BRH:1
end_of_record
